<?xml version="1.0" encoding="UTF-8"?>
<testsuite name="Googel" tests="1" skipped="0" failures="0" errors="0" timestamp="2020-02-02T10:29:45" hostname="DESKTOP-B7CNBD4" time="30.367">
  <properties/>
  <testcase name="FirstStep" classname="Googel" time="30.367"/>
  <system-out><![CDATA[]]></system-out>
  <system-err><![CDATA[SLF4J: Failed to load class "org.slf4j.impl.StaticLoggerBinder".
SLF4J: Defaulting to no-operation (NOP) logger implementation
SLF4J: See http://www.slf4j.org/codes.html#StaticLoggerBinder for further details.
Starting ChromeDriver 79.0.3945.36 (3582db32b33893869b8c1339e8f4d9ed1816f143-refs/branch-heads/3945@{#614}) on port 8883
Only local connections are allowed.
Please protect ports used by ChromeDriver and related test frameworks to prevent access by malicious code.
[1580639394.228][WARNING]: Timed out connecting to Chrome, retrying...
февр. 02, 2020 1:29:56 PM org.openqa.selenium.remote.ProtocolHandshake createSession
INFO: Detected dialect: W3C
[1580639398.369][WARNING]: Timed out connecting to Chrome, retrying...
]]></system-err>
</testsuite>
